<?xml version="1.0" encoding="UTF-8"?>
<!-- Generated by org.testng.reporters.JUnitXMLReporter -->
<testsuite hostname="LAPTOP-0MT7PC1D" ignored="1" name="Test" tests="1" failures="0" timestamp="2020-07-19T01:59:57 IST" time="21.9" errors="0">
  <testcase name="@BeforeTest OpenApplication" time="21.83" classname="Test.OpenApp">
    <failure type="java.lang.NullPointerException">
      <![CDATA[java.lang.NullPointerException
at Test.OpenApp.OpenApplication(OpenApp.java:55)
... Removed 24 stack frames]]>
    </failure>
  </testcase> <!-- @BeforeTest OpenApplication -->
  <testcase name="submitForm" time="0.0" classname="Test.Login">
    <skipped/>
  </testcase> <!-- submitForm -->
  <testcase name="@BeforeTest OpenApplication" time="0.0" classname="Test.OpenApp">
    <ignored/>
  </testcase> <!-- @BeforeTest OpenApplication -->
</testsuite> <!-- Test -->
